2026-01-06 19:51:11 ERROR User: Unknown - Add shoe Nike Air Max failed
2026-01-06 19:51:11 ERROR User: Unknown - Log audit event failed
2026-01-06 19:51:11 ERROR User: Unknown - Log audit event failed
2026-01-06 19:51:11 ERROR User: Unknown - Log audit event failed
2026-01-06 19:51:11 ERROR User: Unknown - Log audit event failed
2026-01-06 19:51:11 ERROR User: Unknown - Log audit event failed
2026-01-06 19:51:11 ERROR User: Unknown - Log audit event failed
2026-01-06 19:51:11 ERROR User: Unknown - Log audit event failed
2026-01-06 19:51:11 ERROR User: Unknown - Log audit event failed
2026-01-06 19:51:11 ERROR User: Unknown - Log audit event failed
2026-01-06 19:51:11 ERROR User: Unknown - Log audit event failed
2026-01-06 19:51:11 ERROR User: Unknown - Log audit event failed
2026-01-06 19:51:11 ERROR User: Unknown - Log audit event failed
2026-01-06 19:51:11 ERROR User: Unknown - Log audit event failed
2026-01-06 19:51:11 ERROR User: Unknown - Log audit event failed
2026-01-06 19:51:12 ERROR User: Unknown - Log audit event failed
2026-01-06 19:51:12 ERROR User: Unknown - Log audit event failed
2026-01-06 19:51:12 ERROR User: Unknown - Log audit event failed
2026-01-06 19:51:12 ERROR User: Unknown - Log audit event failed
2026-01-06 19:51:12 ERROR User: Unknown - Log audit event failed
2026-01-06 19:51:12 ERROR User: Unknown - Failed to add sample data
2026-01-06 19:51:12 ERROR User: Unknown - Log audit event failed
2026-01-06 19:51:12 ERROR User: Unknown - Log audit event failed
2026-01-06 19:51:12 ERROR User: Unknown - Log audit event failed
2026-01-06 19:51:12 ERROR User: Unknown - Log audit event failed
2026-01-06 19:51:12 ERROR User: Unknown - Log audit event failed
2026-01-06 19:51:12 ERROR User: Unknown - Log audit event failed
2026-01-06 19:51:12 ERROR User: Unknown - Log audit event failed
2026-01-06 19:51:12 ERROR User: Unknown - Log audit event failed
2026-01-06 19:51:12 ERROR User: Unknown - Log audit event failed
2026-01-06 19:51:12 ERROR User: Unknown - Log audit event failed
2026-01-06 19:51:12 ERROR User: Unknown - Log audit event failed
2026-01-06 19:51:12 ERROR User: Unknown - Log audit event failed
2026-01-06 19:51:12 ERROR User: Unknown - Log audit event failed
2026-01-06 19:51:12 ERROR User: Unknown - Log audit event failed
2026-01-06 19:51:12 ERROR User: Unknown - Log audit event failed
2026-01-06 19:51:12 ERROR User: Unknown - Log audit event failed
2026-01-06 19:51:12 ERROR User: Unknown - Log audit event failed
2026-01-06 19:51:12 ERROR User: Unknown - Log audit event failed
2026-01-06 19:51:12 ERROR User: Unknown - Log audit event failed
2026-01-06 19:51:12 ERROR User: Unknown - Log audit event failed
2026-01-06 19:51:21 WARNING User: Unknown - Failed customer login attempt
2026-01-06 19:51:25 WARNING User: Unknown - Failed customer login attempt
2026-01-06 19:51:25 WARNING User: Unknown - Failed customer login attempt
2026-01-06 19:51:25 WARNING User: Unknown - Failed customer login attempt
2026-01-06 19:51:58 INFO User: Unknown - New user registered
2026-01-06 19:52:09 INFO User: 6 - Customer logged in successfully
2026-01-06 19:52:09 INFO User: 6 - Cart cleared
2026-01-06 19:52:10 INFO User: 6 - Cart cleared
2026-01-06 19:52:11 INFO User: 6 - Cart cleared
2026-01-06 19:52:12 INFO User: 6 - Cart cleared
2026-01-06 19:52:13 INFO User: 6 - Cart cleared
2026-01-06 19:52:14 INFO User: 6 - Cart cleared
2026-01-06 19:52:15 INFO User: 6 - Cart cleared
2026-01-06 19:52:16 INFO User: 6 - Cart cleared
2026-01-06 19:52:18 INFO User: 6 - Cart cleared
2026-01-06 19:52:19 INFO User: 6 - Cart cleared
2026-01-06 19:52:20 INFO User: 6 - Cart cleared
2026-01-06 19:52:21 INFO User: 6 - Cart cleared
2026-01-06 19:52:22 INFO User: 6 - Cart cleared
2026-01-06 19:52:22 INFO User: 6 - User logged out
